2026-01-06 04:55:58.373 INFO  [http-nio-8080-exec-2] SUCCESS_LOG event.domain=billing log_type= OUTPUT_STORED | file=ACC-UPSTATE-101_20260106045558_OUT.json | path=C:\Users\UMAR\IdeaProjects\billing-engine\data\success\output\ACC-UPSTATE-101_20260106045558_OUT.json | format=JSON
2026-01-06 04:55:58.404 INFO  [http-nio-8080-exec-2] SUCCESS_LOG event.domain=billing log_type= PROCESSING_SUCCESS | account=ACC-UPSTATE-101 | totalDue=65.56
2026-01-06 05:06:40.936 INFO  [main] SUCCESS_LOG event.domain=billing log_type=data.output OUTPUT_STORED | file=ACC777_20260106050640_OUT.xml | path=C:\Users\UMAR\IdeaProjects\billing-engine\data\success\output\ACC777_20260106050640_OUT.xml | format=XML
2026-01-06 05:06:40.938 INFO  [main] SUCCESS_LOG event.domain=billing log_type=process.success PROCESSING_SUCCESS | account=ACC777 | totalDue=28.44
2026-01-06 05:06:41.386 INFO  [main] SUCCESS_LOG event.domain=billing log_type=data.output OUTPUT_STORED | file=ACC999_OUT.xml | path=C:\Users\UMAR\IdeaProjects\billing-engine\data\success\output\ACC999_OUT.xml | format=XML
2026-01-06 05:06:41.387 INFO  [main] SUCCESS_LOG event.domain=billing log_type=replay.success REPLAY_SUCCESS | account=ACC999 | file=ACC999_20260106050641_IN.xml
2026-01-06 05:06:41.470 INFO  [main] SUCCESS_LOG event.domain=billing log_type=data.output OUTPUT_STORED | file=ACC123_20260106050641_OUT.json | path=C:\Users\UMAR\IdeaProjects\billing-engine\data\success\output\ACC123_20260106050641_OUT.json | format=JSON
2026-01-06 05:06:41.471 INFO  [main] SUCCESS_LOG event.domain=billing log_type=process.success PROCESSING_SUCCESS | account=ACC123 | totalDue=36.40
2026-01-06 05:07:27.790 INFO  [scheduling-1] SUCCESS_LOG event.domain=billing log_type=data.output OUTPUT_STORED | file=ACC123_OUT.xml | path=C:\Users\UMAR\IdeaProjects\billing-engine\data\success\output\ACC123_OUT.xml | format=XML
2026-01-06 05:07:27.790 INFO  [scheduling-1] SUCCESS_LOG event.domain=billing log_type=replay.success REPLAY_SUCCESS | account=ACC123 | file=ACC123_20260106050641_IN.xml
2026-01-06 05:09:11.998 INFO  [http-nio-8080-exec-1] SUCCESS_LOG event.domain=billing log_type=data.output OUTPUT_STORED | file=ACC-UPSTATE-101_20260106050911_OUT.json | path=C:\Users\UMAR\IdeaProjects\billing-engine\data\success\output\ACC-UPSTATE-101_20260106050911_OUT.json | format=JSON
2026-01-06 05:09:12.006 INFO  [http-nio-8080-exec-1] SUCCESS_LOG event.domain=billing log_type=process.success PROCESSING_SUCCESS | account=ACC-UPSTATE-101 | totalDue=65.56
2026-01-06 05:16:53.007 INFO  [main] SUCCESS_LOG event.domain=billing log_type=data.output OUTPUT_STORED | file=ACC777_20260106051652_OUT.xml | path=C:\Users\UMAR\IdeaProjects\billing-engine\data\success\output\ACC777_20260106051652_OUT.xml | format=XML
2026-01-06 05:16:53.008 INFO  [main] SUCCESS_LOG event.domain=billing log_type=process.success PROCESSING_SUCCESS | account=ACC777 | totalDue=28.44
2026-01-06 05:16:53.473 INFO  [main] SUCCESS_LOG event.domain=billing log_type=data.output OUTPUT_STORED | file=ACC999_OUT.xml | path=C:\Users\UMAR\IdeaProjects\billing-engine\data\success\output\ACC999_OUT.xml | format=XML
2026-01-06 05:16:53.474 INFO  [main] SUCCESS_LOG event.domain=billing log_type=replay.success REPLAY_SUCCESS | account=ACC999 | file=ACC999_20260106051653_IN.xml
2026-01-06 05:16:53.520 INFO  [main] SUCCESS_LOG event.domain=billing log_type=data.output OUTPUT_STORED | file=ACC123_20260106051653_OUT.json | path=C:\Users\UMAR\IdeaProjects\billing-engine\data\success\output\ACC123_20260106051653_OUT.json | format=JSON
2026-01-06 05:16:53.520 INFO  [main] SUCCESS_LOG event.domain=billing log_type=process.success PROCESSING_SUCCESS | account=ACC123 | totalDue=36.40
2026-01-06 05:17:18.059 INFO  [http-nio-8080-exec-1] SUCCESS_LOG event.domain=billing log_type=data.output OUTPUT_STORED | file=ACC-UPSTATE-101_20260106051717_OUT.json | path=C:\Users\UMAR\IdeaProjects\billing-engine\data\success\output\ACC-UPSTATE-101_20260106051717_OUT.json | format=JSON
2026-01-06 05:17:18.063 INFO  [http-nio-8080-exec-1] SUCCESS_LOG event.domain=billing log_type=process.success PROCESSING_SUCCESS | account=ACC-UPSTATE-101 | totalDue=65.56
2026-01-06 05:17:42.478 INFO  [scheduling-1] SUCCESS_LOG event.domain=billing log_type=data.output OUTPUT_STORED | file=ACC123_OUT.xml | path=C:\Users\UMAR\IdeaProjects\billing-engine\data\success\output\ACC123_OUT.xml | format=XML
2026-01-06 05:17:42.481 INFO  [scheduling-1] SUCCESS_LOG event.domain=billing log_type=replay.success REPLAY_SUCCESS | account=ACC123 | file=ACC123_20260106051653_IN.xml
2026-01-06 05:22:19.708 INFO  [main] SUCCESS_LOG event.domain=billing log_type=data.output OUTPUT_STORED | file=ACC777_20260106052219_OUT.xml | path=C:\Users\UMAR\IdeaProjects\billing-engine\data\success\output\ACC777_20260106052219_OUT.xml | format=XML
2026-01-06 05:22:19.709 INFO  [main] SUCCESS_LOG event.domain=billing log_type=process.success PROCESSING_SUCCESS | account=ACC777 | totalDue=28.44
2026-01-06 05:22:20.189 INFO  [main] SUCCESS_LOG event.domain=billing log_type=data.output OUTPUT_STORED | file=ACC999_OUT.xml | path=C:\Users\UMAR\IdeaProjects\billing-engine\data\success\output\ACC999_OUT.xml | format=XML
2026-01-06 05:22:20.190 INFO  [main] SUCCESS_LOG event.domain=billing log_type=replay.success REPLAY_SUCCESS | account=ACC999 | file=ACC999_20260106052220_IN.xml
2026-01-06 05:22:20.264 INFO  [main] SUCCESS_LOG event.domain=billing log_type=data.output OUTPUT_STORED | file=ACC123_20260106052220_OUT.json | path=C:\Users\UMAR\IdeaProjects\billing-engine\data\success\output\ACC123_20260106052220_OUT.json | format=JSON
2026-01-06 05:22:20.267 INFO  [main] SUCCESS_LOG event.domain=billing log_type=process.success PROCESSING_SUCCESS | account=ACC123 | totalDue=36.40
2026-01-06 05:22:47.781 INFO  [http-nio-8080-exec-2] SUCCESS_LOG event.domain=billing log_type=data.output OUTPUT_STORED | file=ACC-UPSTATE-101_20260106052247_OUT.json | path=C:\Users\UMAR\IdeaProjects\billing-engine\data\success\output\ACC-UPSTATE-101_20260106052247_OUT.json | format=JSON
2026-01-06 05:22:47.785 INFO  [http-nio-8080-exec-2] SUCCESS_LOG event.domain=billing log_type=process.success PROCESSING_SUCCESS | account=ACC-UPSTATE-101 | totalDue=65.56
2026-01-06 05:23:10.047 INFO  [scheduling-1] SUCCESS_LOG event.domain=billing log_type=data.output OUTPUT_STORED | file=ACC123_OUT.xml | path=C:\Users\UMAR\IdeaProjects\billing-engine\data\success\output\ACC123_OUT.xml | format=XML
2026-01-06 05:23:10.054 INFO  [scheduling-1] SUCCESS_LOG event.domain=billing log_type=replay.success REPLAY_SUCCESS | account=ACC123 | file=ACC123_20260106052220_IN.xml
2026-01-06 05:32:00.380 INFO  [main] SUCCESS_LOG event.domain=billing log_type=data.output OUTPUT_STORED | file=ACC777_20260106053200_OUT.xml | path=C:\Users\UMAR\IdeaProjects\billing-engine\data\success\output\ACC777_20260106053200_OUT.xml | format=XML
2026-01-06 05:32:00.380 INFO  [main] SUCCESS_LOG event.domain=billing log_type=process.success PROCESSING_SUCCESS | account=ACC777 | totalDue=28.44
2026-01-06 05:32:01.350 INFO  [main] SUCCESS_LOG event.domain=billing log_type=data.output OUTPUT_STORED | file=ACC999_OUT.xml | path=C:\Users\UMAR\IdeaProjects\billing-engine\data\success\output\ACC999_OUT.xml | format=XML
2026-01-06 05:32:01.350 INFO  [main] SUCCESS_LOG event.domain=billing log_type=replay.success REPLAY_SUCCESS | account=ACC999 | file=ACC999_20260106053201_IN.xml
2026-01-06 05:32:01.440 INFO  [main] SUCCESS_LOG event.domain=billing log_type=data.output OUTPUT_STORED | file=ACC123_20260106053201_OUT.json | path=C:\Users\UMAR\IdeaProjects\billing-engine\data\success\output\ACC123_20260106053201_OUT.json | format=JSON
2026-01-06 05:32:01.441 INFO  [main] SUCCESS_LOG event.domain=billing log_type=process.success PROCESSING_SUCCESS | account=ACC123 | totalDue=36.40
