2026-01-12 10:19:58.626 INFO  OUTPUT_STORED | file=ACC777_20260112101958_OUT.xml | path=C:\Users\UMAR\IdeaProjects\billing-engine\data\success\output\ACC777_20260112101958_OUT.xml | format=XML
2026-01-12 10:19:58.626 INFO  PROCESSING_SUCCESS | account=ACC777 | totalDue=28.44
2026-01-12 10:19:59.308 INFO  OUTPUT_STORED | file=ACC999_OUT.xml | path=C:\Users\UMAR\IdeaProjects\billing-engine\data\success\output\ACC999_OUT.xml | format=XML
2026-01-12 10:19:59.308 INFO  REPLAY_SUCCESS | account=ACC999 | file=ACC999_20260112101959_IN.xml
2026-01-12 10:19:59.380 INFO  OUTPUT_STORED | file=ACC123_20260112101959_OUT.json | path=C:\Users\UMAR\IdeaProjects\billing-engine\data\success\output\ACC123_20260112101959_OUT.json | format=JSON
2026-01-12 10:19:59.380 INFO  PROCESSING_SUCCESS | account=ACC123 | totalDue=36.40
2026-01-12 10:20:31.480 INFO  OUTPUT_STORED | file=ACC-UPSTATE-101_20260112102031_OUT.json | path=C:\Users\UMAR\IdeaProjects\billing-engine\data\success\output\ACC-UPSTATE-101_20260112102031_OUT.json | format=JSON
2026-01-12 10:20:31.489 INFO  PROCESSING_SUCCESS | account=ACC-UPSTATE-101 | totalDue=65.56
2026-01-12 10:20:33.993 INFO  OUTPUT_STORED | file=ACC-UPSTATE-101_20260112102033_OUT.json | path=C:\Users\UMAR\IdeaProjects\billing-engine\data\success\output\ACC-UPSTATE-101_20260112102033_OUT.json | format=JSON
2026-01-12 10:20:33.993 INFO  PROCESSING_SUCCESS | account=ACC-UPSTATE-101 | totalDue=65.56
2026-01-12 10:20:36.365 INFO  OUTPUT_STORED | file=ACC-UPSTATE-101_20260112102036_OUT.json | path=C:\Users\UMAR\IdeaProjects\billing-engine\data\success\output\ACC-UPSTATE-101_20260112102036_OUT.json | format=JSON
2026-01-12 10:20:36.373 INFO  PROCESSING_SUCCESS | account=ACC-UPSTATE-101 | totalDue=65.56
2026-01-12 10:20:49.935 INFO  OUTPUT_STORED | file=ACC123_OUT.xml | path=C:\Users\UMAR\IdeaProjects\billing-engine\data\success\output\ACC123_OUT.xml | format=XML
2026-01-12 10:20:49.941 INFO  REPLAY_SUCCESS | account=ACC123 | file=ACC123_20260112101959_IN.xml
2026-01-12 10:27:15.426 INFO  OUTPUT_STORED | file=ACC777_20260112102715_OUT.xml | path=C:\Users\UMAR\IdeaProjects\billing-engine\data\success\output\ACC777_20260112102715_OUT.xml | format=XML
2026-01-12 10:27:15.427 INFO  PROCESSING_SUCCESS | account=ACC777 | totalDue=28.44
2026-01-12 10:27:15.910 INFO  OUTPUT_STORED | file=ACC999_OUT.xml | path=C:\Users\UMAR\IdeaProjects\billing-engine\data\success\output\ACC999_OUT.xml | format=XML
2026-01-12 10:27:15.912 INFO  REPLAY_SUCCESS | account=ACC999 | file=ACC999_20260112102715_IN.xml
2026-01-12 10:27:15.969 INFO  OUTPUT_STORED | file=ACC123_20260112102715_OUT.json | path=C:\Users\UMAR\IdeaProjects\billing-engine\data\success\output\ACC123_20260112102715_OUT.json | format=JSON
2026-01-12 10:27:15.969 INFO  PROCESSING_SUCCESS | account=ACC123 | totalDue=36.40
2026-01-12 10:27:34.937 INFO  OUTPUT_STORED | file=ACC777_20260112102734_OUT.xml | path=C:\Users\UMAR\IdeaProjects\billing-engine\data\success\output\ACC777_20260112102734_OUT.xml | format=XML
2026-01-12 10:27:34.937 INFO  PROCESSING_SUCCESS | account=ACC777 | totalDue=28.44
2026-01-12 10:27:35.405 INFO  OUTPUT_STORED | file=ACC123_OUT.xml | path=C:\Users\UMAR\IdeaProjects\billing-engine\data\success\output\ACC123_OUT.xml | format=XML
2026-01-12 10:27:35.405 INFO  REPLAY_SUCCESS | account=ACC123 | file=ACC123_20260112102715_IN.xml
2026-01-12 10:27:35.405 INFO  OUTPUT_STORED | file=ACC999_OUT.xml | path=C:\Users\UMAR\IdeaProjects\billing-engine\data\success\output\ACC999_OUT.xml | format=XML
2026-01-12 10:27:35.420 INFO  REPLAY_SUCCESS | account=ACC999 | file=ACC999_20260112102735_IN.xml
2026-01-12 10:27:35.493 INFO  OUTPUT_STORED | file=ACC123_20260112102735_OUT.json | path=C:\Users\UMAR\IdeaProjects\billing-engine\data\success\output\ACC123_20260112102735_OUT.json | format=JSON
2026-01-12 10:27:35.497 INFO  PROCESSING_SUCCESS | account=ACC123 | totalDue=36.40
2026-01-12 10:29:13.554 INFO  OUTPUT_STORED | file=ACC777_20260112102913_OUT.xml | path=C:\Users\UMAR\IdeaProjects\billing-engine\data\success\output\ACC777_20260112102913_OUT.xml | format=XML
2026-01-12 10:29:13.554 INFO  PROCESSING_SUCCESS | account=ACC777 | totalDue=28.44
2026-01-12 10:29:14.001 INFO  OUTPUT_STORED | file=ACC123_OUT.xml | path=C:\Users\UMAR\IdeaProjects\billing-engine\data\success\output\ACC123_OUT.xml | format=XML
2026-01-12 10:29:14.001 INFO  REPLAY_SUCCESS | account=ACC123 | file=ACC123_20260112102735_IN.xml
2026-01-12 10:29:14.008 INFO  OUTPUT_STORED | file=ACC999_OUT.xml | path=C:\Users\UMAR\IdeaProjects\billing-engine\data\success\output\ACC999_OUT.xml | format=XML
2026-01-12 10:29:14.008 INFO  REPLAY_SUCCESS | account=ACC999 | file=ACC999_20260112102913_IN.xml
2026-01-12 10:29:14.066 INFO  OUTPUT_STORED | file=ACC123_20260112102914_OUT.json | path=C:\Users\UMAR\IdeaProjects\billing-engine\data\success\output\ACC123_20260112102914_OUT.json | format=JSON
2026-01-12 10:29:14.066 INFO  PROCESSING_SUCCESS | account=ACC123 | totalDue=36.40
2026-01-12 10:29:28.921 INFO  OUTPUT_STORED | file=ACC777_20260112102928_OUT.xml | path=C:\Users\UMAR\IdeaProjects\billing-engine\data\success\output\ACC777_20260112102928_OUT.xml | format=XML
2026-01-12 10:29:28.921 INFO  PROCESSING_SUCCESS | account=ACC777 | totalDue=28.44
2026-01-12 10:29:29.354 INFO  OUTPUT_STORED | file=ACC123_OUT.xml | path=C:\Users\UMAR\IdeaProjects\billing-engine\data\success\output\ACC123_OUT.xml | format=XML
2026-01-12 10:29:29.354 INFO  REPLAY_SUCCESS | account=ACC123 | file=ACC123_20260112102914_IN.xml
2026-01-12 10:29:29.359 INFO  OUTPUT_STORED | file=ACC999_OUT.xml | path=C:\Users\UMAR\IdeaProjects\billing-engine\data\success\output\ACC999_OUT.xml | format=XML
2026-01-12 10:29:29.359 INFO  REPLAY_SUCCESS | account=ACC999 | file=ACC999_20260112102929_IN.xml
2026-01-12 10:29:29.409 INFO  OUTPUT_STORED | file=ACC123_20260112102929_OUT.json | path=C:\Users\UMAR\IdeaProjects\billing-engine\data\success\output\ACC123_20260112102929_OUT.json | format=JSON
2026-01-12 10:29:29.409 INFO  PROCESSING_SUCCESS | account=ACC123 | totalDue=36.40
2026-01-12 10:30:06.396 INFO  OUTPUT_STORED | file=ACC-UPSTATE-101_20260112103006_OUT.json | path=C:\Users\UMAR\IdeaProjects\billing-engine\data\success\output\ACC-UPSTATE-101_20260112103006_OUT.json | format=JSON
2026-01-12 10:30:06.402 INFO  PROCESSING_SUCCESS | account=ACC-UPSTATE-101 | totalDue=65.56
2026-01-12 10:30:07.671 INFO  OUTPUT_STORED | file=ACC-UPSTATE-101_20260112103007_OUT.json | path=C:\Users\UMAR\IdeaProjects\billing-engine\data\success\output\ACC-UPSTATE-101_20260112103007_OUT.json | format=JSON
2026-01-12 10:30:07.673 INFO  PROCESSING_SUCCESS | account=ACC-UPSTATE-101 | totalDue=65.56
2026-01-12 10:30:08.789 INFO  OUTPUT_STORED | file=ACC-UPSTATE-101_20260112103008_OUT.json | path=C:\Users\UMAR\IdeaProjects\billing-engine\data\success\output\ACC-UPSTATE-101_20260112103008_OUT.json | format=JSON
2026-01-12 10:30:08.795 INFO  PROCESSING_SUCCESS | account=ACC-UPSTATE-101 | totalDue=65.56
2026-01-12 10:30:25.672 INFO  OUTPUT_STORED | file=ACC123_OUT.xml | path=C:\Users\UMAR\IdeaProjects\billing-engine\data\success\output\ACC123_OUT.xml | format=XML
2026-01-12 10:30:25.678 INFO  REPLAY_SUCCESS | account=ACC123 | file=ACC123_20260112102929_IN.xml
2026-01-12 10:45:40,643 INFO  [main] SUCCESS_LOG - OUTPUT_STORED | file=ACC777_20260112104540_OUT.xml | path=C:\Users\UMAR\IdeaProjects\billing-engine\data\success\output\ACC777_20260112104540_OUT.xml | format=XML
2026-01-12 10:45:40,643 INFO  [main] SUCCESS_LOG - PROCESSING_SUCCESS | account=ACC777 | totalDue=28.44
2026-01-12 10:45:41,099 INFO  [main] SUCCESS_LOG - OUTPUT_STORED | file=ACC999_OUT.xml | path=C:\Users\UMAR\IdeaProjects\billing-engine\data\success\output\ACC999_OUT.xml | format=XML
2026-01-12 10:45:41,099 INFO  [main] SUCCESS_LOG - REPLAY_SUCCESS | account=ACC999 | file=ACC999_20260112104541_IN.xml
2026-01-12 10:45:41,173 INFO  [main] SUCCESS_LOG - OUTPUT_STORED | file=ACC123_20260112104541_OUT.json | path=C:\Users\UMAR\IdeaProjects\billing-engine\data\success\output\ACC123_20260112104541_OUT.json | format=JSON
2026-01-12 10:45:41,173 INFO  [main] SUCCESS_LOG - PROCESSING_SUCCESS | account=ACC123 | totalDue=36.40
2026-01-12 10:46:03,485 INFO  [main] SUCCESS_LOG - OUTPUT_STORED | file=ACC777_20260112104603_OUT.xml | path=C:\Users\UMAR\IdeaProjects\billing-engine\data\success\output\ACC777_20260112104603_OUT.xml | format=XML
2026-01-12 10:46:03,485 INFO  [main] SUCCESS_LOG - PROCESSING_SUCCESS | account=ACC777 | totalDue=28.44
2026-01-12 10:46:03,926 INFO  [main] SUCCESS_LOG - OUTPUT_STORED | file=ACC123_OUT.xml | path=C:\Users\UMAR\IdeaProjects\billing-engine\data\success\output\ACC123_OUT.xml | format=XML
2026-01-12 10:46:03,926 INFO  [main] SUCCESS_LOG - REPLAY_SUCCESS | account=ACC123 | file=ACC123_20260112104541_IN.xml
2026-01-12 10:46:03,931 INFO  [main] SUCCESS_LOG - OUTPUT_STORED | file=ACC999_OUT.xml | path=C:\Users\UMAR\IdeaProjects\billing-engine\data\success\output\ACC999_OUT.xml | format=XML
2026-01-12 10:46:03,931 INFO  [main] SUCCESS_LOG - REPLAY_SUCCESS | account=ACC999 | file=ACC999_20260112104603_IN.xml
2026-01-12 10:46:04,003 INFO  [main] SUCCESS_LOG - OUTPUT_STORED | file=ACC123_20260112104603_OUT.json | path=C:\Users\UMAR\IdeaProjects\billing-engine\data\success\output\ACC123_20260112104603_OUT.json | format=JSON
2026-01-12 10:46:04,003 INFO  [main] SUCCESS_LOG - PROCESSING_SUCCESS | account=ACC123 | totalDue=36.40
2026-01-12 10:47:01,255 INFO  [http-nio-8080-exec-1] SUCCESS_LOG - OUTPUT_STORED | file=ACC-UPSTATE-101_20260112104701_OUT.json | path=C:\Users\UMAR\IdeaProjects\billing-engine\data\success\output\ACC-UPSTATE-101_20260112104701_OUT.json | format=JSON
2026-01-12 10:47:01,263 INFO  [http-nio-8080-exec-1] SUCCESS_LOG - PROCESSING_SUCCESS | account=ACC-UPSTATE-101 | totalDue=65.56
2026-01-12 10:47:02,553 INFO  [http-nio-8080-exec-3] SUCCESS_LOG - OUTPUT_STORED | file=ACC-UPSTATE-101_20260112104702_OUT.json | path=C:\Users\UMAR\IdeaProjects\billing-engine\data\success\output\ACC-UPSTATE-101_20260112104702_OUT.json | format=JSON
2026-01-12 10:47:02,558 INFO  [http-nio-8080-exec-3] SUCCESS_LOG - PROCESSING_SUCCESS | account=ACC-UPSTATE-101 | totalDue=65.56
2026-01-12 10:47:04,262 INFO  [http-nio-8080-exec-4] SUCCESS_LOG - OUTPUT_STORED | file=ACC-UPSTATE-101_20260112104704_OUT.json | path=C:\Users\UMAR\IdeaProjects\billing-engine\data\success\output\ACC-UPSTATE-101_20260112104704_OUT.json | format=JSON
2026-01-12 10:47:04,266 INFO  [http-nio-8080-exec-4] SUCCESS_LOG - PROCESSING_SUCCESS | account=ACC-UPSTATE-101 | totalDue=65.56
2026-01-12 10:47:26,165 INFO  [scheduling-1] SUCCESS_LOG - OUTPUT_STORED | file=ACC123_OUT.xml | path=C:\Users\UMAR\IdeaProjects\billing-engine\data\success\output\ACC123_OUT.xml | format=XML
2026-01-12 10:47:26,170 INFO  [scheduling-1] SUCCESS_LOG - REPLAY_SUCCESS | account=ACC123 | file=ACC123_20260112104604_IN.xml
2026-01-12 10:54:01,933 INFO  [http-nio-8080-exec-7] SUCCESS_LOG - OUTPUT_STORED | file=ACC-UPSTATE-101_20260112105401_OUT.json | path=C:\Users\UMAR\IdeaProjects\billing-engine\data\success\output\ACC-UPSTATE-101_20260112105401_OUT.json | format=JSON
2026-01-12 10:54:01,936 INFO  [http-nio-8080-exec-7] SUCCESS_LOG - PROCESSING_SUCCESS | account=ACC-UPSTATE-101 | totalDue=65.56
2026-01-12 10:54:03,190 INFO  [http-nio-8080-exec-8] SUCCESS_LOG - OUTPUT_STORED | file=ACC-UPSTATE-101_20260112105403_OUT.json | path=C:\Users\UMAR\IdeaProjects\billing-engine\data\success\output\ACC-UPSTATE-101_20260112105403_OUT.json | format=JSON
2026-01-12 10:54:03,193 INFO  [http-nio-8080-exec-8] SUCCESS_LOG - PROCESSING_SUCCESS | account=ACC-UPSTATE-101 | totalDue=65.56
2026-01-12 10:54:04,023 INFO  [http-nio-8080-exec-9] SUCCESS_LOG - OUTPUT_STORED | file=ACC-UPSTATE-101_20260112105404_OUT.json | path=C:\Users\UMAR\IdeaProjects\billing-engine\data\success\output\ACC-UPSTATE-101_20260112105404_OUT.json | format=JSON
2026-01-12 10:54:04,026 INFO  [http-nio-8080-exec-9] SUCCESS_LOG - PROCESSING_SUCCESS | account=ACC-UPSTATE-101 | totalDue=65.56
