2026-01-05 22:35:37.368 INFO  [main] SUCCESS_LOG event.domain=billing log_type=data.output OUTPUT_STORED | file=ACC777_20260105223537_OUT.xml | path=C:\Users\UMAR\IdeaProjects\billing-engine\data\success\output\ACC777_20260105223537_OUT.xml | format=XML
2026-01-05 22:35:37.370 INFO  [main] SUCCESS_LOG event.domain=billing log_type=process.success PROCESSING_SUCCESS | account=ACC777 | totalDue=28.44
2026-01-05 22:35:38.068 INFO  [main] SUCCESS_LOG event.domain=billing log_type=data.output OUTPUT_STORED | file=ACC999_OUT.xml | path=C:\Users\UMAR\IdeaProjects\billing-engine\data\success\output\ACC999_OUT.xml | format=XML
2026-01-05 22:35:38.069 INFO  [main] SUCCESS_LOG event.domain=billing log_type=replay.success REPLAY_SUCCESS | account=ACC999 | file=ACC999_20260105223537_IN.xml
2026-01-05 22:35:38.144 INFO  [main] SUCCESS_LOG event.domain=billing log_type=data.output OUTPUT_STORED | file=ACC123_20260105223538_OUT.json | path=C:\Users\UMAR\IdeaProjects\billing-engine\data\success\output\ACC123_20260105223538_OUT.json | format=JSON
2026-01-05 22:35:38.146 INFO  [main] SUCCESS_LOG event.domain=billing log_type=process.success PROCESSING_SUCCESS | account=ACC123 | totalDue=36.40
2026-01-05 22:39:07.301 INFO  [scheduling-1] SUCCESS_LOG event.domain=billing log_type=data.output OUTPUT_STORED | file=ACC123_OUT.xml | path=C:\Users\UMAR\IdeaProjects\billing-engine\data\success\output\ACC123_OUT.xml | format=XML
2026-01-05 22:39:07.309 INFO  [scheduling-1] SUCCESS_LOG event.domain=billing log_type=replay.success REPLAY_SUCCESS | account=ACC123 | file=ACC123_20260105223538_IN.xml
2026-01-05 22:42:52.675 INFO  [http-nio-8080-exec-2] SUCCESS_LOG event.domain=billing log_type=data.output OUTPUT_STORED | file=ACC-UPSTATE-101_20260105224252_OUT.json | path=C:\Users\UMAR\IdeaProjects\billing-engine\data\success\output\ACC-UPSTATE-101_20260105224252_OUT.json | format=JSON
2026-01-05 22:42:52.682 INFO  [http-nio-8080-exec-2] SUCCESS_LOG event.domain=billing log_type=process.success PROCESSING_SUCCESS | account=ACC-UPSTATE-101 | totalDue=65.56
2026-01-05 22:42:56.715 INFO  [http-nio-8080-exec-3] SUCCESS_LOG event.domain=billing log_type=data.output OUTPUT_STORED | file=ACC-UPSTATE-101_20260105224256_OUT.json | path=C:\Users\UMAR\IdeaProjects\billing-engine\data\success\output\ACC-UPSTATE-101_20260105224256_OUT.json | format=JSON
2026-01-05 22:42:56.717 INFO  [http-nio-8080-exec-3] SUCCESS_LOG event.domain=billing log_type=process.success PROCESSING_SUCCESS | account=ACC-UPSTATE-101 | totalDue=65.56
2026-01-05 22:44:17.641 INFO  [http-nio-8080-exec-6] SUCCESS_LOG event.domain=billing log_type=data.output OUTPUT_STORED | file=ACC-UPSTATE-101_20260105224417_OUT.json | path=C:\Users\UMAR\IdeaProjects\billing-engine\data\success\output\ACC-UPSTATE-101_20260105224417_OUT.json | format=JSON
2026-01-05 22:44:17.650 INFO  [http-nio-8080-exec-6] SUCCESS_LOG event.domain=billing log_type=process.success PROCESSING_SUCCESS | account=ACC-UPSTATE-101 | totalDue=65.56
2026-01-05 22:49:07.402 INFO  [scheduling-1] SUCCESS_LOG event.domain=billing log_type=data.output OUTPUT_STORED | file=ACC-UPSTATE-101_OUT.xml | path=C:\Users\UMAR\IdeaProjects\billing-engine\data\success\output\ACC-UPSTATE-101_OUT.xml | format=XML
2026-01-05 22:49:07.410 INFO  [scheduling-1] SUCCESS_LOG event.domain=billing log_type=replay.success REPLAY_SUCCESS | account=ACC-UPSTATE-101 | file=ACC-UPSTATE-101_20260105224446_IN.xml
2026-01-05 22:49:15.078 INFO  [http-nio-8080-exec-4] SUCCESS_LOG event.domain=billing log_type=data.output OUTPUT_STORED | file=ACC-UPSTATE-101_20260105224915_OUT.json | path=C:\Users\UMAR\IdeaProjects\billing-engine\data\success\output\ACC-UPSTATE-101_20260105224915_OUT.json | format=JSON
2026-01-05 22:49:15.086 INFO  [http-nio-8080-exec-4] SUCCESS_LOG event.domain=billing log_type=process.success PROCESSING_SUCCESS | account=ACC-UPSTATE-101 | totalDue=65.56
2026-01-05 22:49:33.068 INFO  [http-nio-8080-exec-5] SUCCESS_LOG event.domain=billing log_type=data.output OUTPUT_STORED | file=ACC-UPSTATE-101_20260105224933_OUT.json | path=C:\Users\UMAR\IdeaProjects\billing-engine\data\success\output\ACC-UPSTATE-101_20260105224933_OUT.json | format=JSON
2026-01-05 22:49:33.075 INFO  [http-nio-8080-exec-5] SUCCESS_LOG event.domain=billing log_type=process.success PROCESSING_SUCCESS | account=ACC-UPSTATE-101 | totalDue=65.56
2026-01-05 22:49:39.625 INFO  [http-nio-8080-exec-7] SUCCESS_LOG event.domain=billing log_type=data.output OUTPUT_STORED | file=ACC-UPSTATE-101_20260105224939_OUT.json | path=C:\Users\UMAR\IdeaProjects\billing-engine\data\success\output\ACC-UPSTATE-101_20260105224939_OUT.json | format=JSON
2026-01-05 22:49:39.633 INFO  [http-nio-8080-exec-7] SUCCESS_LOG event.domain=billing log_type=process.success PROCESSING_SUCCESS | account=ACC-UPSTATE-101 | totalDue=65.56
2026-01-05 23:00:52.297 INFO  [main] SUCCESS_LOG event.domain=billing log_type= OUTPUT_STORED | file=ACC777_20260105230052_OUT.xml | path=C:\Users\UMAR\IdeaProjects\billing-engine\data\success\output\ACC777_20260105230052_OUT.xml | format=XML
2026-01-05 23:00:52.301 INFO  [main] SUCCESS_LOG event.domain=billing log_type= PROCESSING_SUCCESS | account=ACC777 | totalDue=28.44
2026-01-05 23:00:53.604 INFO  [main] SUCCESS_LOG event.domain=billing log_type= OUTPUT_STORED | file=ACC999_OUT.xml | path=C:\Users\UMAR\IdeaProjects\billing-engine\data\success\output\ACC999_OUT.xml | format=XML
2026-01-05 23:00:53.607 INFO  [main] SUCCESS_LOG event.domain=billing log_type= REPLAY_SUCCESS | account=ACC999 | file=ACC999_20260105230053_IN.xml
2026-01-05 23:00:53.706 INFO  [main] SUCCESS_LOG event.domain=billing log_type= OUTPUT_STORED | file=ACC123_20260105230053_OUT.json | path=C:\Users\UMAR\IdeaProjects\billing-engine\data\success\output\ACC123_20260105230053_OUT.json | format=JSON
2026-01-05 23:00:53.711 INFO  [main] SUCCESS_LOG event.domain=billing log_type= PROCESSING_SUCCESS | account=ACC123 | totalDue=36.40
2026-01-05 23:03:05.436 INFO  [scheduling-1] SUCCESS_LOG event.domain=billing log_type= OUTPUT_STORED | file=ACC123_OUT.xml | path=C:\Users\UMAR\IdeaProjects\billing-engine\data\success\output\ACC123_OUT.xml | format=XML
2026-01-05 23:03:05.439 INFO  [scheduling-1] SUCCESS_LOG event.domain=billing log_type= REPLAY_SUCCESS | account=ACC123 | file=ACC123_20260105230053_IN.xml
2026-01-05 23:03:08.846 INFO  [http-nio-8080-exec-1] SUCCESS_LOG event.domain=billing log_type= OUTPUT_STORED | file=ACC-UPSTATE-101_20260105230308_OUT.json | path=C:\Users\UMAR\IdeaProjects\billing-engine\data\success\output\ACC-UPSTATE-101_20260105230308_OUT.json | format=JSON
2026-01-05 23:03:08.871 INFO  [http-nio-8080-exec-1] SUCCESS_LOG event.domain=billing log_type= PROCESSING_SUCCESS | account=ACC-UPSTATE-101 | totalDue=65.56
